{
  "RSpec": {
    "coverage": {
      "/home/jason/todolist/app/controllers/authentication_controller.rb": [
        1,
        1,
        null,
        1,
        3,
        3,
        2,
        2,
        2,
        null,
        null,
        1,
        null,
        null,
        null,
        1,
        1,
        null,
        null,
        1,
        null,
        1,
        null,
        null,
        null
      ],
      "/home/jason/todolist/app/controllers/application_controller.rb": [
        1,
        1,
        1,
        null,
        1,
        2,
        2,
        null,
        2,
        1,
        1,
        1,
        null,
        null,
        null
      ],
      "/home/jason/todolist/app/controllers/users_controller.rb": [
        1,
        1,
        null,
        1,
        4,
        4,
        2,
        null,
        2,
        null,
        null,
        null,
        null,
        1,
        null,
        1,
        4,
        null,
        null
      ],
      "/home/jason/todolist/app/decorators/authentication_decorator.rb": [
        1,
        1,
        null,
        null,
        null,
        null,
        null,
        null,
        null,
        null,
        null,
        null,
        null
      ],
      "/home/jason/todolist/app/decorators/user_decorator.rb": [
        1,
        1,
        null,
        null,
        null,
        null,
        null,
        null,
        null,
        null,
        null,
        null,
        null
      ],
      "/home/jason/todolist/app/models/user.rb": [
        1,
        1,
        null,
        1,
        null,
        null,
        null,
        null,
        1,
        null
      ],
      "/home/jason/todolist/app/models/application_record.rb": [
        1,
        1,
        null
      ],
      "/home/jason/todolist/lib/json_web_token.rb": [
        1,
        1,
        3,
        3,
        null,
        null,
        1,
        2,
        1,
        null,
        null
      ]
    },
    "timestamp": 1573995392
  }
}
